2017-04-01 17:07:16,971 main.py[line:35] INFO Test
2017-04-01 17:07:16,973 main.py[line:36] INFO date: 1491037636
2017-04-01 17:07:16,973 main.py[line:37] INFO 2017-04-01 17:07:16
2017-04-01 17:07:16,973 main.py[line:38] INFO 2017-04-01 17:07:16
2017-04-01 17:07:16,973 main.py[line:41] INFO e10adc3949ba59abbe56e057f20f883e
2017-04-01 17:07:16,973 main.py[line:42] INFO 39b6a2896726d3711de1540f3b449a2f
2017-04-01 17:12:38,184 main.py[line:35] INFO Test
2017-04-01 17:12:38,184 main.py[line:36] INFO date: 1491037958
2017-04-01 17:12:38,184 main.py[line:37] INFO 2017-04-01 17:12:38
2017-04-01 17:12:38,184 main.py[line:38] INFO 2017-04-01 17:12:38
2017-04-01 17:12:38,184 main.py[line:41] INFO e10adc3949ba59abbe56e057f20f883e
2017-04-01 17:12:38,184 main.py[line:42] INFO 3712a31f96a9ec95f61b9497c37ba544
2017-04-01 17:23:04,671 main.py[line:55] INFO Test
2017-04-01 17:23:04,671 main.py[line:56] INFO date: 1491038584
2017-04-01 17:23:04,671 main.py[line:57] INFO 2017-04-01 17:23:04
2017-04-01 17:23:04,671 main.py[line:58] INFO 2017-04-01 17:23:04
2017-04-01 17:23:04,671 main.py[line:61] INFO e10adc3949ba59abbe56e057f20f883e
2017-04-01 17:23:04,671 main.py[line:62] INFO 503d610bef35f50089f1bb6328432d2a
2017-04-01 17:23:32,631 main.py[line:55] INFO Test
2017-04-01 17:23:32,631 main.py[line:56] INFO date: 1491038612
2017-04-01 17:23:32,631 main.py[line:57] INFO 2017-04-01 17:23:32
2017-04-01 17:23:32,631 main.py[line:58] INFO 2017-04-01 17:23:32
2017-04-01 17:23:32,631 main.py[line:61] INFO e10adc3949ba59abbe56e057f20f883e
2017-04-01 17:23:32,631 main.py[line:62] INFO 427c90a446ab58b230ef6b84a9757f65
2017-04-01 17:25:30,513 main.py[line:36] INFO Test
2017-04-01 17:25:30,515 main.py[line:37] INFO date: 1491038730
2017-04-01 17:25:30,515 main.py[line:38] INFO 2017-04-01 17:25:30
2017-04-01 17:25:30,515 main.py[line:39] INFO 2017-04-01 17:25:30
2017-04-01 17:25:30,515 main.py[line:42] INFO e10adc3949ba59abbe56e057f20f883e
2017-04-01 17:25:30,515 main.py[line:43] INFO 5a24da85e5b2bb9f8fc826ecea4c6166
2017-04-01 17:27:17,848 main.py[line:37] INFO Test
2017-04-01 17:27:17,848 main.py[line:38] INFO date: 1491038837
2017-04-01 17:27:17,848 main.py[line:39] INFO 2017-04-01 17:27:17
2017-04-01 17:27:17,848 main.py[line:40] INFO 2017-04-01 17:27:17
2017-04-01 17:27:17,849 main.py[line:43] INFO e10adc3949ba59abbe56e057f20f883e
2017-04-01 17:27:17,849 main.py[line:44] INFO a7adf20378a42710363b103d825c3128
2017-04-01 17:27:39,211 main.py[line:37] INFO Test
2017-04-01 17:27:39,211 main.py[line:38] INFO date: 1491038859
2017-04-01 17:27:39,211 main.py[line:39] INFO 2017-04-01 17:27:39
2017-04-01 17:27:39,211 main.py[line:40] INFO 2017-04-01 17:27:39
2017-04-01 17:27:39,211 main.py[line:43] INFO e10adc3949ba59abbe56e057f20f883e
2017-04-01 17:27:39,211 main.py[line:44] INFO a7adf20378a42710363b103d825c3128
2017-04-01 17:52:12,352 main.py[line:36] INFO Test
2017-04-01 17:52:12,352 main.py[line:37] INFO date: 1491040332
2017-04-01 17:52:12,352 main.py[line:38] INFO 2017-04-01 17:52:12
2017-04-01 17:52:12,352 main.py[line:39] INFO 2017-04-01 17:52:12
2017-04-01 17:52:12,352 main.py[line:42] INFO e10adc3949ba59abbe56e057f20f883e
2017-04-01 17:52:12,352 main.py[line:43] INFO 7b402da419f2b5040598137914510c6a
2017-04-01 17:53:56,243 main.py[line:36] INFO Test
2017-04-01 17:53:56,243 main.py[line:37] INFO date: 1491040436
2017-04-01 17:53:56,243 main.py[line:38] INFO 2017-04-01 17:53:56
2017-04-01 17:53:56,243 main.py[line:39] INFO 2017-04-01 17:53:56
2017-04-01 17:53:56,243 main.py[line:42] INFO e10adc3949ba59abbe56e057f20f883e
2017-04-01 17:53:56,243 main.py[line:43] INFO 7b402da419f2b5040598137914510c6a
2017-04-01 17:55:10,148 main.py[line:36] INFO Test
2017-04-01 17:55:10,148 main.py[line:37] INFO date: 1491040510
2017-04-01 17:55:10,148 main.py[line:38] INFO 2017-04-01 17:55:10
2017-04-01 17:55:10,148 main.py[line:39] INFO 2017-04-01 17:55:10
2017-04-01 17:55:10,148 main.py[line:42] INFO e10adc3949ba59abbe56e057f20f883e
2017-04-01 17:55:10,148 main.py[line:43] INFO 7b402da419f2b5040598137914510c6a
2017-04-01 17:57:20,263 main.py[line:36] INFO Test
2017-04-01 17:57:20,263 main.py[line:37] INFO date: 1491040640
2017-04-01 17:57:20,265 main.py[line:38] INFO 2017-04-01 17:57:20
2017-04-01 17:57:20,265 main.py[line:39] INFO 2017-04-01 17:57:20
2017-04-01 17:57:20,265 main.py[line:42] INFO e10adc3949ba59abbe56e057f20f883e
2017-04-01 17:57:20,265 main.py[line:43] INFO 7b402da419f2b5040598137914510c6a
2017-04-01 17:57:47,966 main.py[line:36] INFO Test
2017-04-01 17:57:47,966 main.py[line:37] INFO date: 1491040667
2017-04-01 17:57:47,966 main.py[line:38] INFO 2017-04-01 17:57:47
2017-04-01 17:57:47,966 main.py[line:39] INFO 2017-04-01 17:57:47
2017-04-01 17:57:47,966 main.py[line:42] INFO e10adc3949ba59abbe56e057f20f883e
2017-04-01 17:57:47,966 main.py[line:43] INFO 7b402da419f2b5040598137914510c6a
2017-04-01 18:04:27,499 main.py[line:36] INFO Test
2017-04-01 18:04:27,499 main.py[line:37] INFO date: 1491041067
2017-04-01 18:04:27,499 main.py[line:38] INFO 2017-04-01 18:04:27
2017-04-01 18:04:27,499 main.py[line:39] INFO 2017-04-01 18:04:27
2017-04-01 18:04:27,529 main.py[line:40] INFO yesterday ==> 17-03-31
2017-04-01 18:04:27,529 main.py[line:43] INFO e10adc3949ba59abbe56e057f20f883e
2017-04-01 18:04:27,529 main.py[line:44] INFO d2b9627764976719382ec1c2ab834108
2017-04-01 18:04:42,598 main.py[line:36] INFO Test
2017-04-01 18:04:42,598 main.py[line:37] INFO date: 1491041082
2017-04-01 18:04:42,598 main.py[line:38] INFO 2017-04-01 18:04:42
2017-04-01 18:04:42,598 main.py[line:39] INFO 2017-04-01 18:04:42
2017-04-01 18:04:42,598 main.py[line:40] INFO yesterday ==> 17y-03-31
2017-04-01 18:04:42,598 main.py[line:43] INFO e10adc3949ba59abbe56e057f20f883e
2017-04-01 18:04:42,598 main.py[line:44] INFO d2b9627764976719382ec1c2ab834108
2017-04-01 18:05:08,411 main.py[line:36] INFO Test
2017-04-01 18:05:08,411 main.py[line:37] INFO date: 1491041108
2017-04-01 18:05:08,411 main.py[line:38] INFO 2017-04-01 18:05:08
2017-04-01 18:05:08,411 main.py[line:39] INFO 2017-04-01 18:05:08
2017-04-01 18:05:08,411 main.py[line:40] INFO yesterday ==> 2017-03-31
2017-04-01 18:05:08,411 main.py[line:43] INFO e10adc3949ba59abbe56e057f20f883e
2017-04-01 18:05:08,427 main.py[line:44] INFO d2b9627764976719382ec1c2ab834108
2017-04-01 18:08:52,976 main.py[line:36] INFO Test
2017-04-01 18:08:52,976 main.py[line:37] INFO date: 1491041332
2017-04-01 18:08:52,976 main.py[line:38] INFO 2017-04-01 18:08:52
2017-04-01 18:08:52,976 main.py[line:39] INFO 2017-04-01 18:08:52
2017-04-01 18:08:52,976 main.py[line:40] INFO yesterday ==> 2017-03-31
2017-04-01 18:08:52,976 main.py[line:41] INFO 5 days before ==> 2017-03-27
2017-04-01 18:08:52,976 main.py[line:44] INFO e10adc3949ba59abbe56e057f20f883e
2017-04-01 18:08:52,976 main.py[line:45] INFO 3d14322efe2a0c6f3691e3df8f285639
2017-04-01 18:09:34,427 main.py[line:36] INFO Test
2017-04-01 18:09:34,427 main.py[line:37] INFO date: 1491041374
2017-04-01 18:09:34,427 main.py[line:38] INFO 2017-04-01 18:09:34
2017-04-01 18:09:34,427 main.py[line:39] INFO 2017-04-01 18:09:34
2017-04-01 18:09:34,427 main.py[line:40] INFO yesterday ==> 2017-03-31
2017-04-01 18:09:34,427 main.py[line:41] INFO 5 days before ==> 2017-03-27
2017-04-01 18:09:34,427 main.py[line:44] INFO e10adc3949ba59abbe56e057f20f883e
2017-04-01 18:09:34,427 main.py[line:45] INFO efb427dd97757852e6c14fc960fb3fcd
